<?xml version="1.0" encoding="UTF-8"?>
<testng-results ignored="0" total="1" passed="0" failed="1" skipped="0">
  <reporter-output>
  </reporter-output>
  <suite started-at="2025-02-05T14:12:00 IST" name="Default suite" finished-at="2025-02-05T14:12:11 IST" duration-ms="10248">
    <groups>
      <group name="cucumber">
        <method signature="AbstractTestNGCucumberTests.runScenario(io.cucumber.testng.PickleWrapper,io.cucumber.testng.FeatureWrapper)[pri:0, instance:com.TestRunner.TestRunner_testNGIntegreation@1283bb96]" name="runScenario" class="io.cucumber.testng.AbstractTestNGCucumberTests"/>
      </group> <!-- cucumber -->
    </groups>
    <test started-at="2025-02-05T14:12:00 IST" name="Default test" finished-at="2025-02-05T14:12:11 IST" duration-ms="10248">
      <class name="com.TestRunner.TestRunner_testNGIntegreation">
        <test-method is-config="true" signature="setUpClass()[pri:0, instance:com.TestRunner.TestRunner_testNGIntegreation@1283bb96]" started-at="2025-02-05T14:12:00 IST" name="setUpClass" finished-at="2025-02-05T14:12:01 IST" duration-ms="919" status="PASS">
          <reporter-output>
          </reporter-output>
        </test-method> <!-- setUpClass -->
        <test-method signature="runScenario(io.cucumber.testng.PickleWrapper,io.cucumber.testng.FeatureWrapper)[pri:0, instance:com.TestRunner.TestRunner_testNGIntegreation@1283bb96]" started-at="2025-02-05T14:12:01 IST" name="runScenario" description="Runs Cucumber Scenarios" data-provider="scenarios" finished-at="2025-02-05T14:12:10 IST" duration-ms="8918" status="FAIL">
          <params>
            <param index="0">
              <value>
                <![CDATA["Home Page validations"]]>
              </value>
            </param>
            <param index="1">
              <value>
                <![CDATA["Optional[Home Page elements validations]"]]>
              </value>
            </param>
          </params>
          <exception class="java.lang.NullPointerException">
            <message>
              <![CDATA[Cannot invoke "org.openqa.selenium.WebDriver.getCurrentUrl()" because "this.driver" is null]]>
            </message>
            <full-stacktrace>
              <![CDATA[java.lang.NullPointerException: Cannot invoke "org.openqa.selenium.WebDriver.getCurrentUrl()" because "this.driver" is null
at com.components.Utilities.validateUrl(Utilities.java:24)
at com.ApplicationPageStepDef.LaunchURLStepDef.validate_url_is_launched(LaunchURLStepDef.java:28)
at ✽.Validate the launched Url(file:///C:/Users/nihal/eclipse-workspace_CucumberProject/com.CumberTestAutomation/src/main/resources/Features/HomePage.feature:7)
]]>
            </full-stacktrace>
          </exception> <!-- java.lang.NullPointerException -->
          <reporter-output>
          </reporter-output>
        </test-method> <!-- runScenario -->
        <test-method is-config="true" signature="tearDownClass()[pri:0, instance:com.TestRunner.TestRunner_testNGIntegreation@1283bb96]" started-at="2025-02-05T14:12:10 IST" name="tearDownClass" finished-at="2025-02-05T14:12:11 IST" duration-ms="315" status="PASS">
          <reporter-output>
          </reporter-output>
        </test-method> <!-- tearDownClass -->
      </class> <!-- com.TestRunner.TestRunner_testNGIntegreation -->
    </test> <!-- Default test -->
  </suite> <!-- Default suite -->
</testng-results>
