<?xml version="1.0" encoding="UTF-8"?>
<testng-results ignored="0" total="1" passed="1" failed="0" skipped="0">
  <reporter-output>
  </reporter-output>
  <suite started-at="2025-03-02T14:28:05 IST" name="Default suite" finished-at="2025-03-02T14:28:21 IST" duration-ms="16242">
    <groups>
      <group name="cucumber">
        <method signature="AbstractTestNGCucumberTests.runScenario(io.cucumber.testng.PickleWrapper,io.cucumber.testng.FeatureWrapper)[pri:0, instance:com.TestRunner.TestRunner_testNGIntegreation@293a5bf6]" name="runScenario" class="io.cucumber.testng.AbstractTestNGCucumberTests"/>
      </group> <!-- cucumber -->
    </groups>
    <test started-at="2025-03-02T14:28:05 IST" name="Default test" finished-at="2025-03-02T14:28:21 IST" duration-ms="16242">
      <class name="com.TestRunner.TestRunner_testNGIntegreation">
        <test-method is-config="true" signature="setUpClass()[pri:0, instance:com.TestRunner.TestRunner_testNGIntegreation@293a5bf6]" started-at="2025-03-02T14:28:05 IST" name="setUpClass" finished-at="2025-03-02T14:28:05 IST" duration-ms="683" status="PASS">
          <reporter-output>
          </reporter-output>
        </test-method> <!-- setUpClass -->
        <test-method signature="runScenario(io.cucumber.testng.PickleWrapper,io.cucumber.testng.FeatureWrapper)[pri:0, instance:com.TestRunner.TestRunner_testNGIntegreation@293a5bf6]" started-at="2025-03-02T14:28:05 IST" name="runScenario" description="Runs Cucumber Scenarios" data-provider="scenarios" finished-at="2025-03-02T14:28:21 IST" duration-ms="15291" status="PASS">
          <params>
            <param index="0">
              <value>
                <![CDATA["Home Page validations"]]>
              </value>
            </param>
            <param index="1">
              <value>
                <![CDATA["Optional[Home Page elements validations]"]]>
              </value>
            </param>
          </params>
          <reporter-output>
          </reporter-output>
        </test-method> <!-- runScenario -->
        <test-method is-config="true" signature="tearDownClass()[pri:0, instance:com.TestRunner.TestRunner_testNGIntegreation@293a5bf6]" started-at="2025-03-02T14:28:21 IST" name="tearDownClass" finished-at="2025-03-02T14:28:21 IST" duration-ms="201" status="PASS">
          <reporter-output>
          </reporter-output>
        </test-method> <!-- tearDownClass -->
      </class> <!-- com.TestRunner.TestRunner_testNGIntegreation -->
    </test> <!-- Default test -->
  </suite> <!-- Default suite -->
</testng-results>
