<?xml version="1.0" encoding="UTF-8"?>
<!-- Generated by org.testng.reporters.JUnitXMLReporter -->
<testsuite ignored="0" hostname="Pappu" failures="1" tests="1" name="Default test" time="14.985" errors="0" timestamp="2025-02-09T17:26:36 IST">
  <testcase classname="io.cucumber.testng.AbstractTestNGCucumberTests" name="runScenario" time="13.08">
    <failure type="java.lang.NullPointerException" message="Cannot invoke &amp;quot;org.openqa.selenium.WebDriver.getCurrentUrl()&amp;quot; because &amp;quot;this.driver&amp;quot; is null">
      <![CDATA[java.lang.NullPointerException: Cannot invoke "org.openqa.selenium.WebDriver.getCurrentUrl()" because "this.driver" is null
at com.components.Utilities.validateUrl(Utilities.java:24)
at com.ApplicationPageStepDef.LaunchURLStepDef.validate_url_is_launched(LaunchURLStepDef.java:28)
at ✽.Validate the launched Url(file:///C:/Users/nihal/eclipse-workspace_CucumberProject/com.CumberTestAutomation/src/main/resources/Features/HomePage.feature:7)
]]>
    </failure>
  </testcase> <!-- runScenario -->
</testsuite> <!-- Default test -->
