<?xml version="1.0" encoding="UTF-8"?>
<!-- Generated by org.testng.reporters.JUnitReportReporter -->
<testsuite hostname="Pappu" failures="0" tests="1" name="com.TestRunner.TestRunner_testNGIntegreation" time="8.918" errors="1" timestamp="2025-02-05T14:12:11 IST" skipped="0">
  <testcase classname="com.TestRunner.TestRunner_testNGIntegreation" name="runScenario" time="8.918">
    <error message="Cannot invoke &quot;org.openqa.selenium.WebDriver.getCurrentUrl()&quot; because &quot;this.driver&quot; is null" type="java.lang.NullPointerException">
      <![CDATA[java.lang.NullPointerException: Cannot invoke "org.openqa.selenium.WebDriver.getCurrentUrl()" because "this.driver" is null
at com.components.Utilities.validateUrl(Utilities.java:24)
at com.ApplicationPageStepDef.LaunchURLStepDef.validate_url_is_launched(LaunchURLStepDef.java:28)
at ✽.Validate the launched Url(file:///C:/Users/nihal/eclipse-workspace_CucumberProject/com.CumberTestAutomation/src/main/resources/Features/HomePage.feature:7)
]]>
    </error>
  </testcase> <!-- runScenario -->
  <system-out/>
</testsuite> <!-- com.TestRunner.TestRunner_testNGIntegreation -->
